00000011100000000000000000001100	ai 0 0 12		
00000000001000001100001000001111	ilh 4 -15
00000011100000000100000000000001	ai 1 0 1
00000000001000001100001010001110	ilh 5 -14
00000011101000001000000100001110	ahi 2 2 14
00000000001000001100001100001101	ilh 6 -13
00000011101000001100000100000001	ahi 3 2 1
00000100100000000100000000000001	stqd 1 0(1) 	
00000100100000000100000010000001	stqd 1 1(1)
00000100100000000100000100000001	stqd 1 2(1)
00000100100000000100000110000001	stqd 1 3(1)
00000000000110000100001000001101	lqa 4 13
00000000000110000100001010001110	lqa 5 14
00000000000110000100001100001111	lqa 6 15
00000000000110000100001110010000	lqa 7 16
00000000000010000100110010000011	ila 25 3		
00000000000010000100110100000000	ila 26 0
00000011100001100100110010000001	ai 25 25 -1		
00000011100001101000110100000001	ai 26 26 1
00000000000100001000110010000010	brnz 25 -2		
00011010011000001000000000000001	avgb 2 0 1		
01111000100000010100000110000100	mpy 5 3 4
01111000100000100000001100000111	mpy 8 6 7
01111000100000101100010010001010	mpy 11 9 10
01111000100001000100110010011010	mpy 17 25 26
01111000100000100000001100000111	mpy 8 6 7
01111000100000101100010010001010	mpy 11 9 10
01111000100000111000101100010111	mpy 14 22 23
00000011100000000000000000001100	ai 0 0 12		
00000000001000001100001000001111	ilh 4 -15
00000011100000000100000000000001	ai 1 0 1
00000000001000001100001010001110	ilh 5 -14
00000011101000001000000100001110	ahi 2 2 14
00000000001000001100001100001101	ilh 6 -13
00000011101000001100000100000001	ahi 3 2 1
00000100100000000100000000000001	stqd 1 0(1) 	
00000100100000000100000010000001	stqd 1 1(1)
00000100100000000100000100000001	stqd 1 2(1)
00000100100000000100000110000001	stqd 1 3(1)
00000000000110000100001000001101	lqa 4 13
00000000000110000100001010001110	lqa 5 14
00000000000110000100001100001111	lqa 6 15
00000000000110000100001110010000	lqa 7 16
00000000000010000100110010000011	ila 25 3		
00000000000010000100110100000000	ila 26 0
00000011100001100100110010000001	ai 25 25 -1		
00000011100001101000110100000001	ai 26 26 1
00000000000100001000110010000010	brnz 25 -2		
00011010011000001000000000000001	avgb 2 0 1		
01111000100000010100000110000100	mpy 5 3 4
01111000100000100000001100000111	mpy 8 6 7
01111000100000101100010010001010	mpy 11 9 10
01111000100001000100110010011010	mpy 17 25 26
01111000100000100000001100000111	mpy 8 6 7
01111000100000101100010010001010	mpy 11 9 10
01111000100000111000101100010111	mpy 14 22 23
00000011100000000000000000000101	ai 0 0 5	
00000000001000001100001000001100	ilh 4 -12
00000011100000000100000000000010	ai 1 0 2
00000000001000001100001010001011	ilh 5 -11
00000011101000001000000100001010	ahi 2 2 10
00000000001000001100001100001010	ilh 6 -10
00000011101000001100000100000011	ahi 3 2 3
00000100100000000100000000000001	stqd 1 0(1) 
00000100100000000100000010000001	stqd 1 1(1)
00000100100000000100000100000001	stqd 1 2(1)
00000100100000000100000110000001	stqd 1 3(1)
00000000000110000100001000001011	lqa 4 11
00000000000110000100001010001100	lqa 5 12
00000000000110000100001100001101	lqa 6 13
00000000000110000100001110001110	lqa 7 14
00000000000010000100110010000101	ila 25 5	
00000000000010000100110100000000	ila 26 0
00000011100001100100110010000001	ai 25 25 -1		
00000011100001101000110100000001	ai 26 26 1
00000000000100001000110010000010	brnz 25 -2		
00011010011000001000000000000001	avgb 2 0 1		
01111000100000010100000110000100	mpy 5 3 4
01111000100000100000001100000111	mpy 8 6 7
01111000100000101100010010001010	mpy 11 9 10
01111000100001000100110010011010	mpy 17 25 26
01111000100000100000001100000111	mpy 8 6 7
01111000100000101100010010001010	mpy 11 9 10
01111000100000111000101100010111	mpy 14 22 23
00000011100000000000000000001100	ai 0 0 12		
00000000001000001100001000001111	ilh 4 -15
00000011100000000100000000000001	ai 1 0 1
00000000001000001100001010001110	ilh 5 -14
00000011101000001000000100001110	ahi 2 2 14
00000000001000001100001100001101	ilh 6 -13
00000011101000001100000100000001	ahi 3 2 1
00000100100000000100000000000001	stqd 1 0(1) 	
00000100100000000100000010000001	stqd 1 1(1)
00000100100000000100000100000001	stqd 1 2(1)
00000100100000000100000110000001	stqd 1 3(1)
00000000000110000100001000001101	lqa 4 13
00000000000110000100001010001110	lqa 5 14
00000000000110000100001100001111	lqa 6 15
00000000000110000100001110010000	lqa 7 16
00000000000010000100110010000011	ila 25 3		
00000000000010000100110100000000	ila 26 0
00000011100001100100110010000001	ai 25 25 -1		
00000011100001101000110100000001	ai 26 26 1
00000000000100001000110010000010	brnz 25 -2		
00011010011000001000000000000001	avgb 2 0 1	
01111000100000010100000110000100	mpy 5 3 4
01111000100000100000001100000111	mpy 8 6 7
01111000100000101100010010001010	mpy 11 9 10
01111000100001000100110010011010	mpy 17 25 26
01111000100000100000001100000111	mpy 8 6 7
01111000100000101100010010001010	mpy 11 9 10
01111000100000111000101100010111	mpy 14 22 23
00000011100000000000000000001100	ai 0 0 12	
00000000001000001100001000001111	ilh 4 -15
00000011100000000100000000000001	ai 1 0 1
00000000001000001100001010001110	ilh 5 -14
00000011101000001000000100001110	ahi 2 2 14
00000000001000001100001100001101	ilh 6 -13
00000011101000001100000100000001	ahi 3 2 1
00000100100000000100000000000001	stqd 1 0(1) 
00000100100000000100000010000001	stqd 1 1(1)
00000100100000000100000100000001	stqd 1 2(1)
00000100100000000100000110000001	stqd 1 3(1)
00000000000110000100001000001101	lqa 4 13
00000000000110000100001010001110	lqa 5 14
00000000000110000100001100001111	lqa 6 15
00000000000110000100001110010000	lqa 7 16
00000000000010000100110010000011	ila 25 3		
00000000000010000100110100000000	ila 26 0
00000011100001100100110010000001	ai 25 25 -1		
00000011100001101000110100000001	ai 26 26 1
00000000000100001000110010000010	brnz 25 -2		
00011010011000001000000000000001	avgb 2 0 1		
01111000100000010100000110000100	mpy 5 3 4
01111000100000100000001100000111	mpy 8 6 7
01111000100000101100010010001010	mpy 11 9 10
01111000100001000100110010011010	mpy 17 25 26
01111000100000100000001100000111	mpy 8 6 7
01111000100000101100010010001010	mpy 11 9 10
01111000100000111000101100010111	mpy 14 22 23
00000011100000000000000000000101	ai 0 0 5		
00000000001000001100001000001100	ilh 4 -12
00000011100000000100000000000010	ai 1 0 2
00000000001000001100001010001011	ilh 5 -11
00000011101000001000000100001010	ahi 2 2 10
00000000001000001100001100001010	ilh 6 -10
00000011101000001100000100000011	ahi 3 2 3
00000100100000000100000000000001	stqd 1 0(1) 	
00000100100000000100000010000001	stqd 1 1(1)
00000100100000000100000100000001	stqd 1 2(1)
00000100100000000100000110000001	stqd 1 3(1)
00000000000110000100001000001011	lqa 4 11
00000000000110000100001010001100	lqa 5 12
00000000000110000100001100001101	lqa 6 13
00000000000110000100001110001110	lqa 7 14
00000000000010000100110010000101	ila 25 5		
00000000000010000100110100000000	ila 26 0
00000011100001100100110010000001	ai 25 25 -1		
00000011100001101000110100000001	ai 26 26 1
00000000000100001000110010000010	brnz 25 -2		
00011010011000001000000000000001	avgb 2 0 1		
01111000100000010100000110000100	mpy 5 3 4
01111000100000100000001100000111	mpy 8 6 7
01111000100000101100010010001010	mpy 11 9 10
01111000100001000100110010011010	mpy 17 25 26
01111000100000100000001100000111	mpy 8 6 7
01111000100000101100010010001010	mpy 11 9 10
01111000100000111000101100010111	mpy 14 22 23
